<?xml version="1.0" encoding="UTF-8"?>
<testsuite name="NumberTest" tests="5" skipped="0" failures="0" errors="0" timestamp="2022-02-18T19:08:38" hostname="DESKTOP-HCT970J" time="0.176">
  <properties/>
  <testcase name="[1] 1, 1" classname="NumberTest" time="0.135"/>
  <testcase name="[2] 2, 2" classname="NumberTest" time="0.011"/>
  <testcase name="[3] 11, 2 4 6 8 10" classname="NumberTest" time="0.007"/>
  <testcase name="[4] 21, 1 3 5 7 9 11 13 15 17 19 21" classname="NumberTest" time="0.004"/>
  <testcase name="[5] 8, 1 3 5 7" classname="NumberTest" time="0.005"/>
  <system-out><![CDATA[]]></system-out>
  <system-err><![CDATA[]]></system-err>
</testsuite>
